C51 COMPILER V8.05a   RTC                                                                  08/09/2017 16:25:15 PAGE 1   


C51 COMPILER V8.05a, COMPILATION OF MODULE RTC
OBJECT MODULE PLACED IN .\RTC.obj
COMPILER INVOKED BY: C:\Keil_v5\C51\BIN\C51.EXE ..\HARDWARE\COMMON_HARDWARE\RTC\RTC.C LARGE WARNINGLEVEL(0) BROWSE DEBUG
                    - OBJECTEXTEND PRINT(.\RTC.lst) TABS(2) OBJECT(.\RTC.obj)

line level    source

   1          #include "RTC.H"
   2          
   3          typedef struct
   4          {
   5            u16 second;//秒
   6            u16 minute;//分
   7            u16 hour;  //时
   8            u16 week;  //星期
   9            u16 day;   //日期
  10            u16 month; //月份
  11            u16 year;  //年份
  12          }TimerClock;
  13          
  14          static TimerClock s_RTC_Time;
  15          /**************************************************************
  16           *函数：u8 Read_RTC_Date(u8 address,u8 date)
  17           *作用：读取单个地址的数据
  18           **************************************************************/
  19          u8 Read_RTC_Date(u8 address,u8 date)
  20          {
  21   1        u8 value;
  22   1        InputOneByte(address | IIC_WRITE);
  23   1        IIC_RdAck();
  24   1        InputOneByte(date);
  25   1        IIC_RdAck();
  26   1        InputOneByte(address | IIC_READ);
  27   1        IIC_RdAck();
  28   1        value = OutputOneByte();
  29   1        IIC_Nack();
  30   1        IIC_Stop();
  31   1        return value;
  32   1      }
  33          
  34          /**************************************************************
  35           *函数：u8 Write_RTC_Date(u8 date)
  36           *作用：写命令
  37           **************************************************************/
  38          void Write_RTC_Date(u8 date)
  39          {
  40   1        IIC_WrDevAddAndDatAdd(DS1307_ADDRESS | IIC_WRITE,DS1307_CONTROL);
  41   1        InputOneByte(date);
  42   1        IIC_RdAck();
  43   1        IIC_Stop();
  44   1      }
  45          
  46          /**************************************************************
  47           *函数：u8 *Read_RTC_Time(u8 address)
  48           *作用：读取时间的数据
  49           **************************************************************/
  50          u8 get_RTC_Time(u8 address,u8 *Time)
  51          {
  52   1        u8 i;
  53   1        IIC_Start();
  54   1        InputOneByte(address | IIC_READ);
C51 COMPILER V8.05a   RTC                                                                  08/09/2017 16:25:15 PAGE 2   

  55   1        IIC_RdAck();
  56   1        for(i = 0;i < 7;i++)
  57   1        { 
  58   2          Time[i] = OutputOneByte();  
  59   2          IIC_Ack();
  60   2        }
  61   1        IIC_Nack();
  62   1        IIC_Stop();
  63   1      //  return Time;
  64   1      }
  65          


MODULE INFORMATION:   STATIC OVERLAYABLE
   CODE SIZE        =    167    ----
   CONSTANT SIZE    =   ----    ----
   XDATA SIZE       =     14       9
   PDATA SIZE       =   ----    ----
   DATA SIZE        =   ----    ----
   IDATA SIZE       =   ----    ----
   BIT SIZE         =   ----    ----
END OF MODULE INFORMATION.


C51 COMPILATION COMPLETE.  0 WARNING(S),  0 ERROR(S)
