C51 COMPILER V8.05a   SETUP                                                                08/09/2017 19:24:38 PAGE 1   


C51 COMPILER V8.05a, COMPILATION OF MODULE SETUP
OBJECT MODULE PLACED IN .\setup.obj
COMPILER INVOKED BY: C:\Keil_v5\C51\BIN\C51.EXE ..\SOFTWARE\TASK\setup\setup.c LARGE WARNINGLEVEL(0) BROWSE DEBUG OBJECT
                    -EXTEND PRINT(.\setup.lst) TABS(2) OBJECT(.\setup.obj)

line level    source

   1          /************************************************************
   2          * 组织名称：
   3          * 文件名称: K:\单片机相关\电子大赛程序框架\SOFTWARE\TASK\SETUP.C
   4          * 作者:     周晨阳
   5          * 版本:
   6          * 日期:     2017/07/18
   7          * 描述:   初始化器件和测试器件使用
   8          * 历史修改记录:
   9          * <作者> <时间> <版本 > <描述>
  10          *
  11          ***********************************************************/
  12          
  13          #include "setup.h"
  14          
  15          /*************  串口1初始化函数 *****************/
  16          /*************************************************
  17          * 函数名称: void    UART1_init(unsigned long BandRate)
  18          * 描述: 串口1初始化函数
  19          * 输入: unsigned long BandRate ：串口的波特率，请在数值后加字母"L"，防止出问题
  20          * 输出: 调用此函数会发送一段测试语句 “ STC15w4k58s4 UART1 is open ”
  21          * 返回值: 无
  22          * 其他说明: 无
  23          *************************************************/
  24          void    UART1_init(unsigned long BandRate)
  25          {
  26   1        COMx_InitDefine     COMx_InitStructure;
  27   1        COMx_InitStructure.UART_Mode = UART_8bit_BRTx;
  28   1        COMx_InitStructure.UART_BRT_Use = BRT_Timer1;
  29   1        COMx_InitStructure.UART_BaudRate = BandRate;
  30   1        COMx_InitStructure.UART_RxEnable = ENABLE;
  31   1        COMx_InitStructure.BaudRateDouble = DISABLE;
  32   1        COMx_InitStructure.UART_Interrupt = ENABLE;
  33   1        COMx_InitStructure.UART_Polity = PolityHigh;
  34   1        COMx_InitStructure.UART_P_SW = UART1_SW_P30_P31;
  35   1        COMx_InitStructure.UART_RXD_TXD_Short = DISABLE;
  36   1        USART_Configuration(USART1, &COMx_InitStructure);
  37   1        PrintString1("STC15w4k58s4's UART1 is open \r\n");   //串口测试
  38   1      }
  39          void test(void)//器件测试
  40          {
  41   1      
  42   1      }
  43          void setup(void)
  44          {
  45   1      
  46   1        UART1_init(9600);
  47   1        timerInit();
  48   1      //  Board_LED_Init();
  49   1      //  LCD5510_Init();
  50   1        //Button_config();
  51   1        //Speaker_Init();
  52   1        ADS1115_Config();
  53   1        ultrasonicInit();
  54   1        DS18B20_Init();
C51 COMPILER V8.05a   SETUP                                                                08/09/2017 19:24:38 PAGE 2   

  55   1        setPHCoefficient(PH_1,-1412.3f,18100.0f);
*** ERROR C202 IN LINE 55 OF ..\SOFTWARE\TASK\SETUP\SETUP.C: 'PH_1': undefined identifier
  56   1        //LCD_printsl(0, 0, "Hello!");
  57   1      //  os_wait(K_TMO, 250, 0);
  58   1      //  os_wait(K_TMO, 250, 0);
  59   1      //  os_wait(K_TMO, 250, 0);
  60   1      //  os_wait(K_TMO, 250, 0);
  61   1        //LCD_clr_scr();
  62   1        //InitJY901(JY901_1);
  63   1        //EnableJY901(JY901_1);
  64   1        //openJY901SbufMode(JY901_1);
  65   1        //ADC_config(ADC_P10, ADC_540T);
  66   1        open_Ultrasonic(HC_SR04_1);
  67   1      //  open_Ultrasonic(US_016_1);
  68   1        open_ADS1115(CHANNEL_1);
  69   1      //  open_ADS1115(CHANNEL_2);
  70   1        // test();
  71   1      
  72   1      }
  73          

C51 COMPILATION COMPLETE.  0 WARNING(S),  1 ERROR(S)
